2022-12-01 14:27:06.771  INFO 1868 --- [restartedMain] tacos.TacoCloudApplication               : Starting TacoCloudApplication using Java 17.0.3.1 on DESKTOP-B4OPHSK with PID 1868 (D:\Projects\Taco-cloud\taco-cloud\taco-cloud\target\classes started by User in D:\Projects\Taco-cloud\taco-cloud\taco-cloud)
2022-12-01 14:27:06.781  INFO 1868 --- [restartedMain] tacos.TacoCloudApplication               : The following 1 profile is active: "dev"
2022-12-01 14:27:06.902  INFO 1868 --- [restartedMain] .e.DevToolsPropertyDefaultsPostProcessor : Devtools property defaults active! Set 'spring.devtools.add-properties' to 'false' to disable
2022-12-01 14:27:06.903  INFO 1868 --- [restartedMain] .e.DevToolsPropertyDefaultsPostProcessor : For additional web related logging consider setting the 'logging.level.web' property to 'DEBUG'
2022-12-01 14:27:08.389  INFO 1868 --- [restartedMain] .s.d.r.c.RepositoryConfigurationDelegate : Bootstrapping Spring Data JPA repositories in DEFAULT mode.
2022-12-01 14:27:08.517  INFO 1868 --- [restartedMain] .s.d.r.c.RepositoryConfigurationDelegate : Finished Spring Data repository scanning in 110 ms. Found 4 JPA repository interfaces.
2022-12-01 14:27:09.690  INFO 1868 --- [restartedMain] o.s.b.w.embedded.tomcat.TomcatWebServer  : Tomcat initialized with port(s): 8084 (http)
2022-12-01 14:27:09.708  INFO 1868 --- [restartedMain] o.apache.catalina.core.StandardService   : Starting service [Tomcat]
2022-12-01 14:27:09.710  INFO 1868 --- [restartedMain] org.apache.catalina.core.StandardEngine  : Starting Servlet engine: [Apache Tomcat/9.0.65]
2022-12-01 14:27:09.884  INFO 1868 --- [restartedMain] o.a.c.c.C.[Tomcat].[localhost].[/]       : Initializing Spring embedded WebApplicationContext
2022-12-01 14:27:09.885  INFO 1868 --- [restartedMain] w.s.c.ServletWebServerApplicationContext : Root WebApplicationContext: initialization completed in 2978 ms
2022-12-01 14:27:10.288  INFO 1868 --- [restartedMain] com.zaxxer.hikari.HikariDataSource       : HikariPool-1 - Starting...
2022-12-01 14:27:10.459  INFO 1868 --- [restartedMain] com.zaxxer.hikari.HikariDataSource       : HikariPool-1 - Start completed.
2022-12-01 14:27:10.702  INFO 1868 --- [restartedMain] o.hibernate.jpa.internal.util.LogHelper  : HHH000204: Processing PersistenceUnitInfo [name: default]
2022-12-01 14:27:10.865  INFO 1868 --- [restartedMain] org.hibernate.Version                    : HHH000412: Hibernate ORM core version 5.6.11.Final
2022-12-01 14:27:11.298  INFO 1868 --- [restartedMain] o.hibernate.annotations.common.Version   : HCANN000001: Hibernate Commons Annotations {5.1.2.Final}
2022-12-01 14:27:11.559  INFO 1868 --- [restartedMain] org.hibernate.dialect.Dialect            : HHH000400: Using dialect: org.hibernate.dialect.PostgreSQL10Dialect
2022-12-01 14:27:13.002  INFO 1868 --- [restartedMain] o.h.e.t.j.p.i.JtaPlatformInitiator       : HHH000490: Using JtaPlatform implementation: [org.hibernate.engine.transaction.jta.platform.internal.NoJtaPlatform]
2022-12-01 14:27:13.017  INFO 1868 --- [restartedMain] j.LocalContainerEntityManagerFactoryBean : Initialized JPA EntityManagerFactory for persistence unit 'default'
2022-12-01 14:27:13.701  WARN 1868 --- [restartedMain] JpaBaseConfiguration$JpaWebConfiguration : spring.jpa.open-in-view is enabled by default. Therefore, database queries may be performed during view rendering. Explicitly configure spring.jpa.open-in-view to disable this warning
2022-12-01 14:27:14.483  INFO 1868 --- [restartedMain] o.s.s.web.DefaultSecurityFilterChain     : Will secure any request with [org.springframework.security.web.session.DisableEncodeUrlFilter@4bc8845e, org.springframework.security.web.context.request.async.WebAsyncManagerIntegrationFilter@6278c3de, org.springframework.security.web.context.SecurityContextPersistenceFilter@47f382f9, org.springframework.security.web.header.HeaderWriterFilter@1708b3f0, org.springframework.security.web.csrf.CsrfFilter@4fcb8914, org.springframework.security.web.authentication.logout.LogoutFilter@3e90294a, org.springframework.security.web.authentication.UsernamePasswordAuthenticationFilter@324af789, org.springframework.security.web.savedrequest.RequestCacheAwareFilter@42954cce, org.springframework.security.web.servletapi.SecurityContextHolderAwareRequestFilter@2658c5b5, org.springframework.security.web.authentication.AnonymousAuthenticationFilter@74c0af2, org.springframework.security.web.session.SessionManagementFilter@210367e6, org.springframework.security.web.access.ExceptionTranslationFilter@7ba8fea2, org.springframework.security.web.access.intercept.FilterSecurityInterceptor@7723266c]
2022-12-01 14:27:15.860  INFO 1868 --- [restartedMain] o.s.b.d.a.OptionalLiveReloadServer       : LiveReload server is running on port 35729
2022-12-01 14:27:15.935  INFO 1868 --- [restartedMain] o.s.b.w.embedded.tomcat.TomcatWebServer  : Tomcat started on port(s): 8084 (http) with context path ''
2022-12-01 14:27:15.958  INFO 1868 --- [restartedMain] tacos.TacoCloudApplication               : Started TacoCloudApplication in 10.013 seconds (JVM running for 11.631)
